<?xml version="1.0" encoding="UTF-8"?>
<!-- Generated by org.testng.reporters.JUnitReportReporter -->
<testsuite hostname="DESKTOP-TCC86SQ" failures="0" tests="1" name="javapackages.JavaClass" time="9.492" errors="0" timestamp="2024-03-09T10:38:03 TRT" skipped="0">
  <testcase classname="javapackages.JavaClass" name="myfirstTest" time="9.492"/>
  <system-out/>
</testsuite> <!-- javapackages.JavaClass -->
