<?xml version="1.0" encoding="UTF-8"?>
<!-- Generated by org.testng.reporters.JUnitReportReporter -->
<testsuite hostname="DESKTOP-TCC86SQ" failures="0" tests="3" name="javapackages.AddOneRandomItem" time="6.835" errors="0" timestamp="2024-03-16T14:32:37 TRT" skipped="2">
  <testcase classname="javapackages.AddOneRandomItem" name="addOneRandomItemTotheCart" time="6.835"/>
  <system-out/>
  <testcase classname="javapackages.AddOneRandomItem" name="SignupProcess">
    <skipped/>
  </testcase> <!-- SignupProcess -->
  <system-out/>
  <testcase classname="javapackages.AddOneRandomItem" name="checkoutProcess">
    <skipped/>
  </testcase> <!-- checkoutProcess -->
  <system-out/>
</testsuite> <!-- javapackages.AddOneRandomItem -->
