<?xml version="1.0" encoding="UTF-8"?>
<!-- Generated by org.testng.reporters.JUnitReportReporter -->
<testsuite hostname="DESKTOP-TCC86SQ" failures="0" tests="1" name="javapackages.ItemClass" time="4.355" errors="0" timestamp="2024-03-10T10:31:15 TRT" skipped="0">
  <testcase classname="javapackages.ItemClass" name="SecoundTest" time="4.355"/>
  <system-out/>
</testsuite> <!-- javapackages.ItemClass -->
